-------------------------------------------------------------------------------
Test set: BookingTests
-------------------------------------------------------------------------------
Tests run: 3, Failures: 0, Errors: 1, Skipped: 0, Time elapsed: 7.491 s <<< FAILURE! - in BookingTests
CreateBooking_WithValidData_ReturnOk  Time elapsed: 0.994 s  <<< ERROR!
java.lang.IllegalArgumentException: Schema to use cannot be null
	at BookingTests.CreateBooking_WithValidData_ReturnOk(BookingTests.java:94)

